[Sat Mar 05 16:54:23.465133 2022] [mpm_winnt:notice] [pid 17840:tid 640] AH00455: Apache/2.4.52 (Win64) PHP/8.1.3 configured -- resuming normal operations
[Sat Mar 05 16:54:23.465133 2022] [mpm_winnt:notice] [pid 17840:tid 640] AH00456: Apache Lounge VS16 Server built: Dec 17 2021 10:17:38
[Sat Mar 05 16:54:23.465133 2022] [core:notice] [pid 17840:tid 640] AH00094: Command line: 'C:\\Apache24\\bin\\httpd.exe -d C:/Apache24'
[Sat Mar 05 16:54:23.477743 2022] [mpm_winnt:notice] [pid 17840:tid 640] AH00418: Parent: Created child process 18128
[Sat Mar 05 16:54:23.799553 2022] [mpm_winnt:notice] [pid 18128:tid 592] AH00354: Child: Starting 64 worker threads.
[Sat Mar 05 18:39:34.615696 2022] [php:warn] [pid 18128:tid 1076] [client 127.0.0.1:56261] PHP Warning:  require(blocks/header.php): Failed to open stream: No such file or directory in S:\\localhost\\portfolio\\blocks\\contact_form.php on line 16
[Sat Mar 05 18:39:34.616693 2022] [php:error] [pid 18128:tid 1076] [client 127.0.0.1:56261] PHP Fatal error:  Uncaught Error: Failed opening required 'blocks/header.php' (include_path='.;C:\\php\\pear') in S:\\localhost\\portfolio\\blocks\\contact_form.php:16\nStack trace:\n#0 {main}\n  thrown in S:\\localhost\\portfolio\\blocks\\contact_form.php on line 16
[Sat Mar 05 19:10:10.299590 2022] [php:error] [pid 18128:tid 1100] [client 127.0.0.1:55086] script 'S:/localhost/portfolio/contact_to_email.php' not found or unable to stat, referer: http://localhost/contact_form.php
[Sat Mar 05 19:18:22.831323 2022] [php:warn] [pid 18128:tid 1104] [client 127.0.0.1:55328] PHP Warning:  mail(): Failed to connect to mailserver at &quot;localhost&quot; port 25, verify your &quot;SMTP&quot; and &quot;smtp_port&quot; setting in php.ini or use ini_set() in S:\\localhost\\portfolio\\scripts\\contact_to_email.php on line 26, referer: http://localhost/contact_form.php
[Sat Mar 05 20:32:11.714193 2022] [php:warn] [pid 18128:tid 1116] [client 127.0.0.1:61082] PHP Warning:  mail(): Failed to connect to mailserver at &quot;localhost&quot; port 25, verify your &quot;SMTP&quot; and &quot;smtp_port&quot; setting in php.ini or use ini_set() in S:\\localhost\\portfolio\\scripts\\contact_to_email.php on line 26, referer: http://localhost/contact_form.php
[Sat Mar 05 20:41:23.145222 2022] [php:warn] [pid 18128:tid 1116] [client 127.0.0.1:54159] PHP Warning:  mail(): Failed to connect to mailserver at &quot;localhost&quot; port 25, verify your &quot;SMTP&quot; and &quot;smtp_port&quot; setting in php.ini or use ini_set() in S:\\localhost\\portfolio\\scripts\\contact_to_email.php on line 26, referer: http://localhost/index.php
[Sat Mar 05 20:43:21.096189 2022] [php:warn] [pid 18128:tid 1104] [client 127.0.0.1:65389] PHP Warning:  mail(): Failed to connect to mailserver at &quot;localhost&quot; port 25, verify your &quot;SMTP&quot; and &quot;smtp_port&quot; setting in php.ini or use ini_set() in S:\\localhost\\portfolio\\scripts\\contact_to_email.php on line 26, referer: http://localhost/
[Sat Mar 05 20:43:53.787387 2022] [php:warn] [pid 18128:tid 1120] [client 127.0.0.1:65415] PHP Warning:  mail(): Failed to connect to mailserver at &quot;localhost&quot; port 25, verify your &quot;SMTP&quot; and &quot;smtp_port&quot; setting in php.ini or use ini_set() in S:\\localhost\\portfolio\\scripts\\contact_to_email.php on line 26, referer: http://localhost/index.php
[Sat Mar 05 20:44:48.885961 2022] [php:warn] [pid 18128:tid 1116] [client 127.0.0.1:65482] PHP Warning:  mail(): Failed to connect to mailserver at &quot;localhost&quot; port 25, verify your &quot;SMTP&quot; and &quot;smtp_port&quot; setting in php.ini or use ini_set() in S:\\localhost\\portfolio\\scripts\\contact_to_email.php on line 26, referer: http://localhost/
[Sat Mar 05 21:15:50.967413 2022] [php:warn] [pid 18128:tid 1072] [client 127.0.0.1:52793] PHP Warning:  mail(): Failed to connect to mailserver at &quot;localhost&quot; port 25, verify your &quot;SMTP&quot; and &quot;smtp_port&quot; setting in php.ini or use ini_set() in S:\\localhost\\portfolio\\scripts\\contact_to_email.php on line 26, referer: http://localhost/
[Sun Mar 06 03:15:05.547454 2022] [mpm_winnt:notice] [pid 17840:tid 640] AH00422: Parent: Received shutdown signal -- Shutting down the server.
[Sun Mar 06 03:15:07.578198 2022] [mpm_winnt:notice] [pid 18128:tid 592] AH00364: Child: All worker threads have exited.
[Sun Mar 06 03:15:07.594034 2022] [mpm_winnt:notice] [pid 17840:tid 640] AH00430: Parent: Child process 18128 exited successfully.
[Sun Mar 06 12:02:37.266577 2022] [mpm_winnt:notice] [pid 3644:tid 664] AH00455: Apache/2.4.52 (Win64) PHP/8.1.3 configured -- resuming normal operations
[Sun Mar 06 12:02:37.297820 2022] [mpm_winnt:notice] [pid 3644:tid 664] AH00456: Apache Lounge VS16 Server built: Dec 17 2021 10:17:38
[Sun Mar 06 12:02:37.297820 2022] [core:notice] [pid 3644:tid 664] AH00094: Command line: 'C:\\Apache24\\bin\\httpd.exe -d C:/Apache24'
[Sun Mar 06 12:02:37.297820 2022] [mpm_winnt:notice] [pid 3644:tid 664] AH00418: Parent: Created child process 5148
[Sun Mar 06 12:02:37.891429 2022] [mpm_winnt:notice] [pid 5148:tid 616] AH00354: Child: Starting 64 worker threads.
[Mon Mar 07 03:26:21.448671 2022] [mpm_winnt:notice] [pid 3644:tid 664] AH00422: Parent: Received shutdown signal -- Shutting down the server.
[Mon Mar 07 03:26:23.479574 2022] [mpm_winnt:notice] [pid 5148:tid 616] AH00364: Child: All worker threads have exited.
[Mon Mar 07 03:26:23.510684 2022] [mpm_winnt:notice] [pid 3644:tid 664] AH00430: Parent: Child process 5148 exited successfully.
[Mon Mar 07 09:15:35.024537 2022] [mpm_winnt:notice] [pid 3528:tid 756] AH00455: Apache/2.4.52 (Win64) PHP/8.1.3 configured -- resuming normal operations
[Mon Mar 07 09:15:35.055779 2022] [mpm_winnt:notice] [pid 3528:tid 756] AH00456: Apache Lounge VS16 Server built: Dec 17 2021 10:17:38
[Mon Mar 07 09:15:35.055779 2022] [core:notice] [pid 3528:tid 756] AH00094: Command line: 'C:\\Apache24\\bin\\httpd.exe -d C:/Apache24'
[Mon Mar 07 09:15:35.055779 2022] [mpm_winnt:notice] [pid 3528:tid 756] AH00418: Parent: Created child process 4484
[Mon Mar 07 09:15:35.789982 2022] [mpm_winnt:notice] [pid 4484:tid 600] AH00354: Child: Starting 64 worker threads.
[Mon Mar 07 10:15:59.831968 2022] [mpm_winnt:notice] [pid 3528:tid 756] AH00422: Parent: Received shutdown signal -- Shutting down the server.
[Mon Mar 07 10:16:01.862919 2022] [mpm_winnt:notice] [pid 4484:tid 600] AH00364: Child: All worker threads have exited.
[Mon Mar 07 10:16:01.893985 2022] [mpm_winnt:notice] [pid 3528:tid 756] AH00430: Parent: Child process 4484 exited successfully.
[Mon Mar 07 19:05:10.760599 2022] [mpm_winnt:notice] [pid 3632:tid 684] AH00455: Apache/2.4.52 (Win64) PHP/8.1.3 configured -- resuming normal operations
[Mon Mar 07 19:05:10.791842 2022] [mpm_winnt:notice] [pid 3632:tid 684] AH00456: Apache Lounge VS16 Server built: Dec 17 2021 10:17:38
[Mon Mar 07 19:05:10.791842 2022] [core:notice] [pid 3632:tid 684] AH00094: Command line: 'C:\\Apache24\\bin\\httpd.exe -d C:/Apache24'
[Mon Mar 07 19:05:10.791842 2022] [mpm_winnt:notice] [pid 3632:tid 684] AH00418: Parent: Created child process 5140
[Mon Mar 07 19:05:11.354211 2022] [mpm_winnt:notice] [pid 5140:tid 604] AH00354: Child: Starting 64 worker threads.
[Tue Mar 08 01:13:06.399102 2022] [mpm_winnt:notice] [pid 3632:tid 684] AH00422: Parent: Received shutdown signal -- Shutting down the server.
[Tue Mar 08 01:13:08.429878 2022] [mpm_winnt:notice] [pid 5140:tid 604] AH00364: Child: All worker threads have exited.
[Tue Mar 08 01:13:08.445500 2022] [mpm_winnt:notice] [pid 3632:tid 684] AH00430: Parent: Child process 5140 exited successfully.
[Tue Mar 08 12:35:51.041028 2022] [mpm_winnt:notice] [pid 3556:tid 692] AH00455: Apache/2.4.52 (Win64) PHP/8.1.3 configured -- resuming normal operations
[Tue Mar 08 12:35:51.072270 2022] [mpm_winnt:notice] [pid 3556:tid 692] AH00456: Apache Lounge VS16 Server built: Dec 17 2021 10:17:38
[Tue Mar 08 12:35:51.072270 2022] [core:notice] [pid 3556:tid 692] AH00094: Command line: 'C:\\Apache24\\bin\\httpd.exe -d C:/Apache24'
[Tue Mar 08 12:35:51.072270 2022] [mpm_winnt:notice] [pid 3556:tid 692] AH00418: Parent: Created child process 5024
[Tue Mar 08 12:35:51.697124 2022] [mpm_winnt:notice] [pid 5024:tid 592] AH00354: Child: Starting 64 worker threads.
[Tue Mar 08 21:22:34.684842 2022] [mpm_winnt:notice] [pid 3556:tid 692] AH00422: Parent: Received shutdown signal -- Shutting down the server.
[Tue Mar 08 21:22:36.715809 2022] [mpm_winnt:notice] [pid 5024:tid 592] AH00364: Child: All worker threads have exited.
[Tue Mar 08 21:22:36.731430 2022] [mpm_winnt:notice] [pid 3556:tid 692] AH00430: Parent: Child process 5024 exited successfully.
[Tue Mar 08 22:41:06.778828 2022] [mpm_winnt:notice] [pid 10304:tid 676] AH00455: Apache/2.4.52 (Win64) PHP/8.1.3 configured -- resuming normal operations
[Tue Mar 08 22:41:06.801025 2022] [mpm_winnt:notice] [pid 10304:tid 676] AH00456: Apache Lounge VS16 Server built: Dec 17 2021 10:17:38
[Tue Mar 08 22:41:06.801025 2022] [core:notice] [pid 10304:tid 676] AH00094: Command line: 'C:\\Apache24\\bin\\httpd.exe -d C:/Apache24'
[Tue Mar 08 22:41:06.810032 2022] [mpm_winnt:notice] [pid 10304:tid 676] AH00418: Parent: Created child process 17308
[Tue Mar 08 22:41:07.128871 2022] [mpm_winnt:notice] [pid 17308:tid 612] AH00354: Child: Starting 64 worker threads.
[Wed Mar 09 03:18:34.682608 2022] [mpm_winnt:notice] [pid 10304:tid 676] AH00422: Parent: Received shutdown signal -- Shutting down the server.
[Wed Mar 09 03:18:36.729156 2022] [mpm_winnt:notice] [pid 17308:tid 612] AH00364: Child: All worker threads have exited.
[Wed Mar 09 03:18:36.744769 2022] [mpm_winnt:notice] [pid 10304:tid 676] AH00430: Parent: Child process 17308 exited successfully.
[Wed Mar 09 12:05:56.689132 2022] [mpm_winnt:notice] [pid 3480:tid 684] AH00455: Apache/2.4.52 (Win64) PHP/8.1.3 configured -- resuming normal operations
[Wed Mar 09 12:05:56.720375 2022] [mpm_winnt:notice] [pid 3480:tid 684] AH00456: Apache Lounge VS16 Server built: Dec 17 2021 10:17:38
[Wed Mar 09 12:05:56.720375 2022] [core:notice] [pid 3480:tid 684] AH00094: Command line: 'C:\\Apache24\\bin\\httpd.exe -d C:/Apache24'
[Wed Mar 09 12:05:56.720375 2022] [mpm_winnt:notice] [pid 3480:tid 684] AH00418: Parent: Created child process 5280
[Wed Mar 09 12:05:57.298363 2022] [mpm_winnt:notice] [pid 5280:tid 648] AH00354: Child: Starting 64 worker threads.
[Wed Mar 09 12:59:52.485605 2022] [mpm_winnt:notice] [pid 3480:tid 684] AH00422: Parent: Received shutdown signal -- Shutting down the server.
[Wed Mar 09 12:59:54.516377 2022] [mpm_winnt:notice] [pid 5280:tid 648] AH00364: Child: All worker threads have exited.
[Wed Mar 09 12:59:54.532187 2022] [mpm_winnt:notice] [pid 3480:tid 684] AH00430: Parent: Child process 5280 exited successfully.
[Wed Mar 09 13:00:25.261158 2022] [mpm_winnt:notice] [pid 3312:tid 592] AH00455: Apache/2.4.52 (Win64) PHP/8.1.3 configured -- resuming normal operations
[Wed Mar 09 13:00:25.292429 2022] [mpm_winnt:notice] [pid 3312:tid 592] AH00456: Apache Lounge VS16 Server built: Dec 17 2021 10:17:38
[Wed Mar 09 13:00:25.292429 2022] [core:notice] [pid 3312:tid 592] AH00094: Command line: 'C:\\Apache24\\bin\\httpd.exe -d C:/Apache24'
[Wed Mar 09 13:00:25.292429 2022] [mpm_winnt:notice] [pid 3312:tid 592] AH00418: Parent: Created child process 4716
[Wed Mar 09 13:00:25.667313 2022] [mpm_winnt:notice] [pid 4716:tid 616] AH00354: Child: Starting 64 worker threads.
[Thu Mar 10 02:56:09.981441 2022] [mpm_winnt:notice] [pid 3312:tid 592] AH00422: Parent: Received shutdown signal -- Shutting down the server.
[Thu Mar 10 02:56:12.012357 2022] [mpm_winnt:notice] [pid 4716:tid 616] AH00364: Child: All worker threads have exited.
[Thu Mar 10 02:56:12.059055 2022] [mpm_winnt:notice] [pid 3312:tid 592] AH00430: Parent: Child process 4716 exited successfully.
[Thu Mar 10 10:25:48.136910 2022] [mpm_winnt:notice] [pid 3636:tid 680] AH00455: Apache/2.4.52 (Win64) PHP/8.1.3 configured -- resuming normal operations
[Thu Mar 10 10:25:48.168154 2022] [mpm_winnt:notice] [pid 3636:tid 680] AH00456: Apache Lounge VS16 Server built: Dec 17 2021 10:17:38
[Thu Mar 10 10:25:48.168154 2022] [core:notice] [pid 3636:tid 680] AH00094: Command line: 'C:\\Apache24\\bin\\httpd.exe -d C:/Apache24'
[Thu Mar 10 10:25:48.168154 2022] [mpm_winnt:notice] [pid 3636:tid 680] AH00418: Parent: Created child process 5144
[Thu Mar 10 10:25:48.996083 2022] [mpm_winnt:notice] [pid 5144:tid 712] AH00354: Child: Starting 64 worker threads.
[Fri Mar 11 01:14:51.580380 2022] [php:warn] [pid 5144:tid 1136] [client 127.0.0.1:54857] PHP Warning:  mail(): Failed to connect to mailserver at &quot;localhost&quot; port 25, verify your &quot;SMTP&quot; and &quot;smtp_port&quot; setting in php.ini or use ini_set() in S:\\localhost\\portfolio\\scripts\\contact_to_email.php on line 26, referer: http://localhost/
